[2024-08-15 22:32:55] [ INFO ] [BD:41] Estamos creando la tabla odontologos
[2024-08-15 22:32:55] [ INFO ] [BD:44] Estamos insertando un odontologo en la tabla odontologos
[2024-08-20 21:26:59] [ INFO ] [BD:41] Estamos creando la tabla odontologos
[2024-08-20 21:26:59] [ INFO ] [BD:44] Estamos insertando un odontologo en la tabla odontologos
[2024-08-20 21:30:51] [ INFO ] [BD:41] Estamos creando la tabla odontologos
[2024-08-20 21:30:51] [ INFO ] [BD:44] Estamos insertando un odontologo en la tabla odontologos
[2024-08-20 21:34:30] [ INFO ] [BD:41] Estamos creando la tabla odontologos
[2024-08-20 21:34:30] [ INFO ] [BD:44] Estamos insertando un odontologo en la tabla odontologos
[2024-08-20 21:35:33] [ INFO ] [BD:41] Estamos creando la tabla odontologos
[2024-08-20 21:35:33] [ INFO ] [BD:44] Estamos insertando un odontologo en la tabla odontologos
[2024-08-20 21:42:37] [ INFO ] [BD:41] Estamos creando la tabla odontologos
[2024-08-20 21:42:38] [ INFO ] [BD:44] Estamos insertando un odontologo en la tabla odontologos
[2024-08-20 21:43:20] [ INFO ] [ImplementacionPaciente:21] Estamos guardando un odontologo
[2024-08-20 21:43:21] [ INFO ] [ImplementacionPaciente:58] Guardamos el odontologo con nombre Vanina
[2024-08-20 21:46:30] [ INFO ] [ImplementacionPaciente:21] Estamos guardando un odontologo
[2024-08-20 21:46:30] [ INFO ] [ImplementacionPaciente:58] Guardamos el odontologo con nombre Aixa
[2024-08-20 21:47:06] [ INFO ] [ImplementacionPaciente:21] Estamos guardando un odontologo
[2024-08-20 21:47:06] [ INFO ] [ImplementacionPaciente:58] Guardamos el odontologo con nombre Aixa
[2024-08-20 21:55:56] [ INFO ] [BD:41] Estamos creando la tabla odontologos
[2024-08-20 21:55:56] [ INFO ] [BD:44] Estamos insertando un odontologo en la tabla odontologos
[2024-08-20 21:59:21] [ INFO ] [BD:41] Estamos creando la tabla odontologos
[2024-08-20 21:59:21] [ INFO ] [BD:44] Estamos insertando un odontologo en la tabla odontologos
[2024-08-20 22:00:27] [ INFO ] [BD:41] Estamos creando la tabla odontologos
[2024-08-20 22:00:27] [ INFO ] [BD:44] Estamos insertando un odontologo en la tabla odontologos
[2024-08-20 22:02:35] [ INFO ] [BD:41] Estamos creando la tabla odontologos
[2024-08-20 22:02:35] [ INFO ] [BD:44] Estamos insertando un odontologo en la tabla odontologos
[2024-08-20 22:02:53] [ INFO ] [ImplementacionPaciente:22] Estamos guardando un odontologo
[2024-08-20 22:02:53] [ INFO ] [ImplementacionPaciente:59] Guardamos el odontologo con nombre Aixa
[2024-08-20 22:03:10] [ INFO ] [ImplementacionPaciente:22] Estamos guardando un odontologo
[2024-08-20 22:03:10] [ INFO ] [ImplementacionPaciente:59] Guardamos el odontologo con nombre Vanina
[2024-08-20 22:03:35] [ INFO ] [BD:41] Estamos creando la tabla odontologos
[2024-08-20 22:03:35] [ INFO ] [BD:44] Estamos insertando un odontologo en la tabla odontologos
[2024-08-20 22:03:46] [ INFO ] [ImplementacionPaciente:22] Estamos guardando un odontologo
[2024-08-20 22:03:47] [ INFO ] [ImplementacionPaciente:59] Guardamos el odontologo con nombre Vanina
[2024-08-20 23:56:07] [ INFO ] [BD:56] Estamos creando la tabla odontologos
[2024-08-20 23:56:07] [ INFO ] [BD:64] Estamos insertando un odontologo en la tabla odontologos
[2024-08-20 23:57:52] [ INFO ] [ImplementacionPaciente:27] Estamos guardando un paciente
[2024-08-20 23:57:52] [ INFO ] [ImplementacionPaciente:62] Guardamos el paciente con nombre Erica
[2024-08-20 23:58:54] [ INFO ] [ImplementacionPaciente:27] Estamos guardando un paciente
[2024-08-20 23:58:54] [ INFO ] [ImplementacionPaciente:62] Guardamos el paciente con nombre Erica
[2024-08-21 00:19:53] [ INFO ] [BD:56] Estamos creando la tabla odontologos
[2024-08-21 00:19:53] [ INFO ] [BD:64] Estamos insertando un odontologo en la tabla odontologos
[2024-08-21 00:20:12] [ INFO ] [BD:56] Estamos creando la tabla odontologos
[2024-08-21 00:20:12] [ INFO ] [BD:64] Estamos insertando un odontologo en la tabla odontologos
[2024-08-20 21:34:33] [ INFO ] [BD:56] Estamos creando la tabla odontologos
[2024-08-20 21:34:33] [ INFO ] [BD:64] Estamos insertando un odontologo en la tabla odontologos
[2024-08-20 21:41:00] [ INFO ] [BD:56] Estamos creando la tabla odontologos
[2024-08-20 21:41:00] [ INFO ] [BD:64] Estamos insertando un odontologo en la tabla odontologos
